1715544856737|starting client component.
1715544856785|installOn done
1715544856786|initialise done
1715544859570|here
1715544865069|Client: Finding Nodes in Geographical Zone... 
1715544865071|done finding
1715544865071|Client: n27 found
1715544865071|size 1
1715544865071|Client: Chose to send request to n27
1715544865071|correctly set connection info in request = true
1715544865072|request0 sent at 2024-05-12T20:14:25.071Z
1715544865074|Client: Finding Nodes in Geographical Zone... 
1715544865074|done finding
1715544865074|Client: n27 found
1715544865074|size 1
1715544865074|Client: Chose to send request to n27
1715544865074|correctly set connection info in request = true
1715544865076|request1 sent at 2024-05-12T20:14:25.076Z
1715544865076|Client: Finding Nodes in Geographical Zone... 
1715544865077|done finding
1715544865077|Client: n27 found
1715544865077|size 1
1715544865077|Client: Chose to send request to n27
1715544865077|correctly set connection info in request = true
1715544865077|request2 sent at 2024-05-12T20:14:25.077Z
1715544865078|Client: Finding Nodes in Geographical Zone... 
1715544865079|done finding
1715544865080|Client: n27 found
1715544865080|size 1
1715544865080|Client: Chose to send request to n27
1715544865080|correctly set connection info in request = true
1715544865080|request3 sent at 2024-05-12T20:14:25.080Z
1715544865080|Client: Finding Nodes in Geographical Zone... 
1715544865082|done finding
1715544865082|Client: n27 found
1715544865083|size 1
1715544865083|Client: Chose to send request to n27
1715544865083|correctly set connection info in request = true
1715544865083|request4 sent at 2024-05-12T20:14:25.083Z
1715544865770|request0final result = [n27, n19, n20, n14, n35, n42, n48, n9, n15, n22, n21, n36, n43, n4, n34, n41, n46, n49, n45, n13, n8, n29, n37, n47, n26, n40, n3, n33, n39, n32, n28, n18, n11, n17, n10, n16, n23, n31, n38, n25, n12, n24, n44, n5, n30, n7, n1, n6]__size = 48
1715544871975|request1final result = [n27, n35, n42, n20, n13, n48, n43, n36, n8, n19, n14, n9, n37, n41, n46, n15, n12, n18, n25, n32, n38, n29, n22, n4, n28, n21, n30, n44, n24, n47, n3, n11, n5, n34, n40, n39, n49, n45, n16, n23, n31, n10, n6, n17, n33, n7, n26]__size = 47
1715544884399|request2final result = [n27, n34, n40, n45, n49, n46, n20, n14, n21, n8, n39, n32, n38, n26, n18, n44, n31, n23, n33, n9, n16, n15, n22, n11, n5, n41, n35, n42, n48, n43, n13, n6, n29, n4, n17, n30, n37, n3, n25, n50, n47, n36, n12, n24, n7, n28, n10, n19]__size = 48
1715544909236|request3final result = [n27, n34, n40, n35, n42, n48, n43, n19, n37, n30, n41, n20, n13, n14, n21, n26, n18, n22, n36, n11, n5, n45, n49, n15, n46, n12, n8, n7, n47, n10, n16, n9, n29, n33, n39, n6, n25, n23, n31, n17, n32, n38, n4, n24, n28, n44, n3]__size = 47
1715544958915|request4final result = [n27, n34, n40, n35, n42, n48, n43, n20, n45, n49, n46, n33, n37, n30, n26, n39, n14, n21, n41, n32, n15, n44, n22, n19, n13, n25, n9, n38, n28, n31, n8, n47, n12, n6, n36, n18, n23, n16, n1, n5, n3, n4, n24, n10, n29, n17, n11, n7]__size = 48
1715545357011|stopping client component.
