1715509883934|DCVM Cyclic Barrier up and running!
1715509885013|DCVM Cyclic Barrier accepts: jvm1 localhost 61917
1715509885014|DCVM Cyclic Barrier has received 1 out of 2 expected.
1715509885192|All connected!
1715509885397|DCVM Cyclic Barrier accepts: jvm2 localhost 61918
1715509885397|DCVM Cyclic Barrier has received 2 out of 2 expected.
1715509885397|DCVM Cyclic Barrier releases 2 sites.
1715509885403|DCVM Cyclic Barrier accepts: jvm1 localhost 61917
1715509885404|DCVM Cyclic Barrier has received 1 out of 2 expected.
1715509885424|DCVM Cyclic Barrier accepts: jvm2 localhost 61918
1715509885424|DCVM Cyclic Barrier has received 2 out of 2 expected.
1715509885424|DCVM Cyclic Barrier releases 2 sites.
1715509886939|DCVM Cyclic Barrier accepts: jvm1 localhost 61917
1715509886940|DCVM Cyclic Barrier has received 1 out of 2 expected.
1715509886941|DCVM Cyclic Barrier accepts: jvm2 localhost 61918
1715509886942|DCVM Cyclic Barrier has received 2 out of 2 expected.
1715509886942|DCVM Cyclic Barrier releases 2 sites.
1715509886943|DCVM Cyclic Barrier accepts: jvm1 localhost 61917
1715509886943|DCVM Cyclic Barrier accepts: jvm2 localhost 61918
1715509886944|DCVM Cyclic Barrier has received 1 out of 2 expected.
1715509886948|DCVM Cyclic Barrier has received 2 out of 2 expected.
1715509886948|DCVM Cyclic Barrier releases 2 sites.
1715509886956|DCVM Cyclic Barrier accepts: jvm2 localhost 61918
1715509886957|DCVM Cyclic Barrier has received 1 out of 2 expected.
1715509886974|DCVM Cyclic Barrier accepts: jvm1 localhost 61917
1715509886975|DCVM Cyclic Barrier has received 2 out of 2 expected.
1715509886975|DCVM Cyclic Barrier releases 2 sites.
1715509987001|DCVM Cyclic Barrier accepts: jvm2 localhost 61918
1715509987001|DCVM Cyclic Barrier has received 1 out of 2 expected.
1715509987017|DCVM Cyclic Barrier accepts: jvm1 localhost 61917
1715509987018|DCVM Cyclic Barrier has received 2 out of 2 expected.
1715509987018|DCVM Cyclic Barrier releases 2 sites.
1715509987044|DCVM Cyclic Barrier accepts: jvm1 localhost 61917
1715509987044|DCVM Cyclic Barrier accepts: jvm2 localhost 61918
1715509987045|DCVM Cyclic Barrier has received 1 out of 2 expected.
1715509987045|DCVM Cyclic Barrier has received 2 out of 2 expected.
1715509987045|DCVM Cyclic Barrier releases 2 sites.
1715510147783|DCVMCyclicBarrier.run() finished.
1715510150363|DCVMCyclicBarrier.run() finished.
1715510150363|DCVM Cyclic Barrier shuts down!
